Fetching songs from https://singoling.com …
Total songs: 150
Songs to process: 26

[1/26] ATL — Марабу
    ✗ No confident match found
[2/5] Машина Времени — Поворот
    [iTunes] Candidate  title='Поворот'  artist='Mashina Vremeni'  title_sim=1.00  artist_sim=1.00  score=1.00
    → Match: https://music.apple.com/us/album/%D0%BF%D0%BE%D0%B2%D0%BE%D1%80%D0%BE%D1%82/1295019370?i=1295019443&uo=4
    ✓ Updated
[3/10] Ленинград — Экспонат
    ✗ No confident match found
[4/0] Мумий Тролль — Утекай
    [iTunes] Candidate  title='Утекай'  artist='Mumiy Troll'  title_sim=1.00  artist_sim=0.87  score=0.95
    → Match: https://music.apple.com/us/album/%D1%83%D1%82%D0%B5%D0%BA%D0%B0%D0%B9/865978813?i=865978825&uo=4
    ✓ Updated
[5/10] Би-2 — Молитва
    [iTunes] Candidate  title='Молитва'  artist='Bi-2'  title_sim=1.00  artist_sim=1.00  score=1.00
    → Match: https://music.apple.com/us/album/%D0%BC%D0%BE%D0%BB%D0%B8%D1%82%D0%B2%D0%B0/511452474?i=511452655&uo=4
    ✓ Updated
[6/10] Сплин — Орбит без сахара
    [iTunes] Candidate  title='Орбит без сахара'  artist='Splean'  title_sim=1.00  artist_sim=0.73  score=0.89
    → Match: https://music.apple.com/us/album/%D0%BE%D1%80%D0%B1%D0%B8%D1%82-%D0%B1%D0%B5%D0%B7-%D1%81%D0%B0%D1%85%D0%B0%D1%80%D0%B0/1345371898?i=1345371903&uo=4
    ✓ Updated
[7/3] Земфира — Прощай
    ✗ No confident match found
[8/0] Скриптонит — Положение
    ✗ No confident match found
[9/10] Фараон — Унесённые ветром
    ✗ No confident match found
[10/0] Молчат Дома — Тоска
    [iTunes] Candidate  title='Тоска'  artist='Molchat Doma'  title_sim=1.00  artist_sim=1.00  score=1.00
    → Match: https://music.apple.com/us/album/%D1%82%D0%BE%D1%81%D0%BA%D0%B0/1492386136?i=1492386153&uo=4
    ✓ Updated
[11/9] Кино — Бошетунмай
    [iTunes] Candidate  title='Бошетунмай'  artist='Kino'  title_sim=1.00  artist_sim=1.00  score=1.00
    → Match: https://music.apple.com/us/album/%D0%B1%D0%BE%D1%88%D0%B5%D1%82%D1%83%D0%BD%D0%BC%D0%B0%D0%B9/1333010977?i=1333011502&uo=4
    ✓ Updated
[12/5] Алиса — Небо славян
    [iTunes] Candidate  title='Небо славян'  artist='Alisa'  title_sim=1.00  artist_sim=1.00  score=1.00
    → Match: https://music.apple.com/us/album/%D0%BD%D0%B5%D0%B1%D0%BE-%D1%81%D0%BB%D0%B0%D0%B2%D1%8F%D0%BD/1604622493?i=1604622500&uo=4
    ✓ Updated
[13/5] Наутилус Помпилиус — Гудбай Америка
    ✗ No confident match found
[14/4] Аквариум — Поезд в огне
    [iTunes] Candidate  title='Поезд в огне'  artist='Akvarium'  title_sim=1.00  artist_sim=1.00  score=1.00
    → Match: https://music.apple.com/us/album/%D0%BF%D0%BE%D0%B5%D0%B7%D0%B4-%D0%B2-%D0%BE%D0%B3%D0%BD%D0%B5/1803164355?i=1803164544&uo=4
    ✓ Updated
[15/4] Янка Дягилева — От большого ума
    [iTunes] Candidate  title='От большого ума'  artist='Yanka Dyagileva & Children Slyness'  title_sim=1.00  artist_sim=0.53  score=0.81
    → Match: https://music.apple.com/us/album/%D0%BE%D1%82-%D0%B1%D0%BE%D0%BB%D1%8C%D1%88%D0%BE%D0%B3%D0%BE-%D1%83%D0%BC%D0%B0/1681914990?i=1681914997&uo=4
    ✓ Updated
[16/1] Гражданская оборона — Всё идёт по плану
    [iTunes] Candidate  title='Всё Идёт По Плану (Live)'  artist='Grazhdanskaya Oborona'  title_sim=0.83  artist_sim=0.95  score=0.88
    [iTunes] Candidate  title='Всё идёт по плану'  artist='Grazhdanskaya Oborona'  title_sim=1.00  artist_sim=0.95  score=0.98
    → Match: https://music.apple.com/us/album/%D0%B2%D1%81%D1%91-%D0%B8%D0%B4%D1%91%D1%82-%D0%BF%D0%BE-%D0%BF%D0%BB%D0%B0%D0%BD%D1%83/1633399217?i=1633399223&uo=4
    ✓ Updated
[17/10] ДДТ — Это всё
    [iTunes] Candidate  title='Это всё'  artist='DDT'  title_sim=1.00  artist_sim=1.00  score=1.00
    → Match: https://music.apple.com/us/album/%D1%8D%D1%82%D0%BE-%D0%B2%D1%81%D1%91/1739767655?i=1739767665&uo=4
    ✓ Updated
[18/10] Александр Галич — Облака
    [iTunes] Candidate  title='Облака'  artist='Alexander Galich'  title_sim=1.00  artist_sim=0.88  score=0.95
    → Match: https://music.apple.com/us/album/%D0%BE%D0%B1%D0%BB%D0%B0%D0%BA%D0%B0/1439932941?i=1439932943&uo=4
    ✓ Updated
[19/1] Булат Окуджава — Грузинская песня
    [iTunes] Candidate  title='Грузинская песня'  artist='Bulat Okudzhava'  title_sim=1.00  artist_sim=1.00  score=1.00
    → Match: https://music.apple.com/us/album/%D0%B3%D1%80%D1%83%D0%B7%D0%B8%D0%BD%D1%81%D0%BA%D0%B0%D1%8F-%D0%BF%D0%B5%D1%81%D0%BD%D1%8F/1513962689?i=1513962980&uo=4
    ✓ Updated
[20/10] Noize MC — Выдыхай
    [iTunes] Candidate  title='Выдыхай'  artist='Noize MC'  title_sim=1.00  artist_sim=1.00  score=1.00
    → Match: https://music.apple.com/us/album/%D0%B2%D1%8B%D0%B4%D1%8B%D1%85%D0%B0%D0%B9/1685090699?i=1685090871&uo=4
    ✓ Updated
[21/8] Хаски — Поэма о Родине
    ✗ No confident match found
[22/0] Окcимирон — Признаки жизни
    ✗ No confident match found
[23/0] Владимир Высоцкий / Vladimir Vysotsky — Охота на волков
    [iTunes] Candidate  title='Охота на волков'  artist='Vladimir Vysotsky'  title_sim=1.00  artist_sim=0.63  score=0.85
    → Match: https://music.apple.com/us/album/%D0%BE%D1%85%D0%BE%D1%82%D0%B0-%D0%BD%D0%B0-%D0%B2%D0%BE%D0%BB%D0%BA%D0%BE%D0%B2/1743431070?i=1743431074&uo=4
    ✓ Updated
[24/9] Баста / Basta — Моя игра
    [iTunes] Candidate  title='Моя игра (Live)'  artist='Basta'  title_sim=0.70  artist_sim=0.56  score=0.64
    → Match: https://music.apple.com/us/album/%D0%BC%D0%BE%D1%8F-%D0%B8%D0%B3%D1%80%D0%B0-live/1528540261?i=1528541208&uo=4
    ✓ Updated
[25/9]  — Песенка о медведях
    ✗ No confident match found
[26/9] Юрий Антонов — Крыша дома твоего
    ✗ No confident match found

── Summary ────────────────────────────────────────
  Found / updated : 16
  No match        : 10
  Errors          : 0
