Fetching songs from https://singoling.com …
Total songs: 149
Songs to process: 11

[1/11] Наутилус Помпилиус — Гудбай Америка
    → Match: 'Наутилус Помпилиус - Гуд-бай Америка'  channel='7re1'  title_sim=0.96  score=0.96
      https://www.youtube.com/watch?v=lNTTm9Bc6Eo
    ✓ Updated
[2/11] Алиса — Небо славян
    → Match: 'Небо славян'  channel='alisachannel'  title_sim=1.00  score=1.00
      https://www.youtube.com/watch?v=Nb7BZbsm_Lw
    ✓ Updated
[3/11] Кино — Бошетунмай
    → Match: 'Бошетунмай'  channel='Группа КИНО'  title_sim=1.00  score=1.00
      https://www.youtube.com/watch?v=86lHZMGWWiQ
    ✓ Updated
[4/11] Окcимирон — Признаки жизни
    → Match: 'Oxxxymiron - Признаки жизни'  channel='oxxxymironofficial'  title_sim=0.68  score=0.83
      https://www.youtube.com/watch?v=tV7xNtLD1wM
    ✓ Updated
[5/11] Noize MC — Выдыхай
    → Match: 'Выдыхай'  channel='Noize MC'  title_sim=1.00  score=1.00
      https://www.youtube.com/watch?v=1I4_0qSOP0A
    ✓ Updated
[6/11] Янка Дягилева — От большого ума
    → Match: 'От большого ума'  channel='Yanka - Topic'  title_sim=1.00  score=1.00
      https://www.youtube.com/watch?v=sQODGos_sug
    ✓ Updated
[7/11] Би-2 — Молитва
    → Match: 'Молитва'  channel='Би-2'  title_sim=1.00  score=1.00
      https://www.youtube.com/watch?v=g8ANZClR4UI
    ✓ Updated
[8/11] ATL — Марабу
    → Match: 'Марабу'  channel='ATL ACIDHOUZE'  title_sim=1.00  score=1.00
      https://www.youtube.com/watch?v=GUOTtXDDxSI
    ✓ Updated
[9/11] Земфира — Прощай
    ✗ No confident match found
[10/11] Молчат Дома — Тоска
    ✗ No confident match found
[11/11] Александр Галич — Облака
    → Match: 'Александр Галич - Облака'  channel='TheVideoBard'  title_sim=0.96  score=0.96
      https://www.youtube.com/watch?v=9qPnVsV9L08
    ✓ Updated

── Summary ────────────────────────────────────────────
  Found / updated : 9
  No match        : 2
  Errors          : 0
