  [Info] Auto-generated URI: local:2218035d533d
────────────────────────────────────────────────────────────
  FlowUp — Data Pipeline  [Russian]
────────────────────────────────────────────────────────────

[1/5] Fetching lyrics from LRCLIB …
  [LRCLIB] Searching 'Небо славян' by 'Алиса' …
  [LRCLIB] Found (id=10091815, title=Небо славян)
       Parsed 36 lyric lines.

[2/5] Translating via DeepL …
  [DeepL] No API key – trying Argos offline fallback.
  [Argos] Translating 36 lines (ru -> en) using local model.

[3/5] Loading Russian NLP backend …
       pymorphy3 (ru) ready.
       ruaccent ready.
[Dictionary] Loaded 87,706 words from local cache.
  [OpenRussian] Dictionary loaded.

[4/5] Processing lines …
    1/36: Звездопад дорог от зарниц
    2/36: Грозы седлают коней
    3/36: Но над землей тихо льется покой монастырей
    4/36: А поверх седых облаков
    5/36: Синь, соколиная высь
    6/36: Здесь, под покровом небес мы родились
    7/36: След оленя лижет мороз
    8/36: Гонит добычу весь день
    9/36: Но стужу держит в узде дым деревень
   10/36: Намела сугробов пурга
   11/36: Дочь белозубой зимы
   12/36: Здесь, в окаеме снегов выросли мы
   13/36: Нас точит семя орды
   14/36: Нас гнет ярмо басурман
   15/36: Но в наших венах кипит небо славян
   16/36: И от Чудских берегов
   17/36: До ледяной Колымы
   18/36: Всё это наша земля, всё это мы
   19/36: А за бугром куют топоры
   20/36: Буйные головы сечь
   21/36: Но инородцам кольчугой звенит русская речь
   22/36: И от перелеска до звезд
   23/36: Высится белая рать
   24/36: Здесь, на родной стороне, нам помирать
   25/36: Нас точит семя орды
   26/36: Нас гнет ярмо басурман
   27/36: Но в наших венах кипит небо славян
   28/36: И от Чудских берегов
   29/36: До ледяной Колымы
   30/36: Всё это наша земля, всё это мы
   31/36: Нас точит семя орды
   32/36: Нас гнет ярмо басурман
   33/36: Но в наших венах кипит небо славян
   34/36: И от Чудских берегов
   35/36: До ледяной Колымы
   36/36: Всё это наша земля, всё это мы

[5/5] Writing song_data.json …
       Written to /Users/seckintokcan/Documents/The Foundry/Active/Flowup/pipeline/song_data.json

[6/5] Pushing to backend: https://singoling.com/api/songs …
  [Backend] Song stored (id=202).
  [Backend] Assigning song 202 to playlist 5 …
  [Backend] Song added to playlist 5.

✓  Done — 36 lines.
────────────────────────────────────────────────────────────
