Fetching songs from https://singoling.com …
Total songs (lang=ru): 73
Scanning for plain-lyrics songs …

Found 8 plain-lyrics song(s):
  id= 192  ATL — Марабу
  id= 187  Би-2 — Молитва
  id= 177  Кино — Бошетунмай
  id= 175  Алиса — Небо славян
  id= 174  Наутилус Помпилиус — Гудбай Америка
  id= 171  Янка Дягилева — От большого ума
  id= 165  Noize MC — Выдыхай
  id= 162  Окcимирон — Признаки жизни

[1/8] ATL — Марабу  (id=192)
  [LRCLIB] Searching 'Марабу' by 'ATL' …
  [LRCLIB] Found (id=1602561, title=Крокодил)
  ✓ Synced lyrics found on LRCLIB!
  → Re-running generate_song_data.py for song id=192 …
  [Info] Auto-generated URI: local:atl-
────────────────────────────────────────────────────────────
  FlowUp — Data Pipeline  [Russian]
────────────────────────────────────────────────────────────

[1/5] Fetching lyrics from LRCLIB …
  [LRCLIB] Searching 'Марабу' by 'ATL' …
  [LRCLIB] Found (id=1602561, title=Крокодил)
       Parsed 55 lyric lines.

[2/5] Translating via DeepL …
  [DeepL] No API key – trying Argos offline fallback.
  [Argos] Translating 55 lines (ru -> en) using local model.

[3/5] Loading Russian NLP backend …
       pymorphy3 (ru) ready.
       ruaccent ready.
[Dictionary] Loaded 87,706 words from local cache.
  [OpenRussian] Dictionary loaded.

[4/5] Processing lines …
    1/55: Это небо проглотил!
    2/55: Эти звёзды проглотил!
    3/55: Эту планету поработил
    4/55: Слышишь, солнце, выходи!
    5/55: Угрюмый крокодил это небо проглотил
    6/55: Слышишь, солнце, выходи
    7/55: Будем биться один на один!
    8/55: Угрюмый крокодил, грозой небесных бригантин
    9/55: Ты в этой кручине по-тихой, как в пучине не пропади
   10/55: Угрюмый крокодил это небо проглотил
   11/55: Слышишь, солнце, выходи
   12/55: Будем биться один на один
   13/55: Угрюмый крокодил, грозой небесных бригантин
   14/55: Ты в этой кручине по-тихой, как в пучине не пропади
   15/55: Минуло много плотин, а мы всё свои рифмы плодим
   16/55: Этот Священный Птеродактиль со мной, и с ним я - непобе
   17/55: И никем не пойман, мои лучезарные дельты и поймы
   18/55: Утопленница пой мне мелодии, что знакомы до боли
   19/55: Пирамида–высотка блеснёт, родненький Нил соткан из снов
   20/55: Здесь перекусил столько судов, у меня на них сотня зубо
   21/55: Девочку-антилопу условно, тащу под корягу снова
   22/55: Переварю её с любовью, если захочется чего-то мясного
   23/55: И нет, нам не дали toxic' а, set и cash курит толсто
   24/55: Мы никогда не смеемся, нам не до шуток просто
   25/55: Ведь угрюмый крокодил это небо проглотил
   26/55: Эти звезды проглотил
   27/55: Слышишь, солнце, выходи
   28/55: Угрюмый крокодил это небо проглотил
   29/55: Слышишь, солнце, выходи
   30/55: Будем биться один на один
   31/55: Угрюмый крокодил, грозой небесных бригантин
   32/55: Ты в этой кручине по-тихой, как в пучине не пропади
   33/55: Угрюмый крокодил это небо проглотил
   34/55: Слышишь, солнце, выходи
   35/55: Будем биться один на один
   36/55: Угрюмый крокодил, грозой небесных бригантин
   37/55: Ты в этой кручине по-тихой, как в пучине не пропади
   38/55: Вот, Птеродактиль мой, прозрею лишь будет когда темно
   39/55: Вроде все впоряде, но трезво мыслю, лишь когда в дерьмо
   40/55: Над нашими джунглями снова циклон, и пока не все утекло
   41/55: На этой поляне цветной - ты можешь даже поставить со мн
   42/55: Пусть рутины тину закрутят весла, мы не пророним крокод
   43/55: Проходили зимы, приходили весна, впереди еще непроходим
   44/55: Спугнем ломантинов стада, дымят, как кадилы – крокодилы
   45/55: Когда все заебись, так хочется перестать ругаться матом
   46/55: Рифмы эти мусоль, не мусоль, натираем снова мазоль на м
   47/55: Нам фортануло наверное во всем, раз мы медленно, но вер
   48/55: Этим летом паршивым, средь пластика крокодила фальшивок
   49/55: Нам дважды фортануло во всем, раз мы все еще живы, все 
   50/55: Мы все еще живы, все еще живы
   51/55: Все еще живы
   52/55: Это небо проглотил
   53/55: Эти звёзды проглотил
   54/55: Эту планету поработил
   55/55: Слышишь, солнце, выходи

[5/5] Writing song_data.json …
       Written to /Users/seckintokcan/Documents/The Foundry/Active/Flowup/pipeline/song_data.json

[6/5] Deleting old song id=192 …
  [Backend] Deleted song 192.

[6/5] Pushing to backend: https://singoling.com/api/songs …
  [Backend] Song stored (id=193).
  [Backend] Assigning song 193 to playlist 5 …
  [Backend] Song added to playlist 5.

✓  Done — 55 lines.
────────────────────────────────────────────────────────────
  ✓ Replaced song id=192.
[2/8] Би-2 — Молитва  (id=187)
  [LRCLIB] Searching 'Молитва' by 'Би-2' …
  [LRCLIB] Found (id=16902636, title=Би-2 – Молитва (OST «Метро»))
  ✓ Synced lyrics found on LRCLIB!
  → Re-running generate_song_data.py for song id=187 …
  [Info] Auto-generated URI: local:2-
────────────────────────────────────────────────────────────
  FlowUp — Data Pipeline  [Russian]
────────────────────────────────────────────────────────────

[1/5] Fetching lyrics from LRCLIB …
  [LRCLIB] Searching 'Молитва' by 'Би-2' …
  [LRCLIB] Found (id=16902636, title=Би-2 – Молитва (OST «Метро»))
       Parsed 32 lyric lines.

[2/5] Translating via DeepL …
  [DeepL] No API key – trying Argos offline fallback.
  [Argos] Translating 32 lines (ru -> en) using local model.

[3/5] Loading Russian NLP backend …
       pymorphy3 (ru) ready.
       ruaccent ready.
[Dictionary] Loaded 87,706 words from local cache.
  [OpenRussian] Dictionary loaded.

[4/5] Processing lines …
    1/32: Тише, души на крыше
    2/32: Медленно дышат перед прыжком
    3/32: Слышу все твои мысли
    4/32: То, что нам близко, всё кувырком
    5/32: Как проще сказать
    6/32: Не растерять, не разорвать
    7/32: Мы здесь на века, словно река
    8/32: Словно слова молитвы
    9/32: Всё, кроме любви
   10/32: Вся наша жизнь так далеко
   11/32: Я, я не один
   12/32: Но без тебя просто никто
   13/32: Пепел лёгок и светел
   14/32: Я не заметил как время прошло
   15/32: Чары силу теряют
   16/32: И превращают жемчуг в стекло
   17/32: Как пусто в душе
   18/32: Без миражей, без волшебства
   19/32: Мы здесь лишь на миг, пусть он звучит
   20/32: Словно слова молитвы
   21/32: Всё, кроме любви
   22/32: Вся наша жизнь так далеко
   23/32: Я, я не один
   24/32: Но без тебя просто никто
   25/32: Всё, кроме любви
   26/32: Вся наша жизнь так далеко
   27/32: Я, я не один
   28/32: Но без тебя просто никто
   29/32: Всё, кроме любви
   30/32: Вся наша жизнь так далеко
   31/32: Я, я не один
   32/32: Но без тебя просто никто

[5/5] Writing song_data.json …
       Written to /Users/seckintokcan/Documents/The Foundry/Active/Flowup/pipeline/song_data.json

[6/5] Deleting old song id=187 …
  [Backend] Deleted song 187.

[6/5] Pushing to backend: https://singoling.com/api/songs …
  [Backend] Song stored (id=194).
  [Backend] Assigning song 194 to playlist 5 …
  [Backend] Song added to playlist 5.

✓  Done — 32 lines.
────────────────────────────────────────────────────────────
  ✓ Replaced song id=187.
[3/8] Кино — Бошетунмай  (id=177)
  [LRCLIB] Searching 'Бошетунмай' by 'Кино' …
  [LRCLIB] Found (id=3821295, title=Бошетунмай)
  ✓ Synced lyrics found on LRCLIB!
  → Re-running generate_song_data.py for song id=177 …
  [Info] Auto-generated URI: local:-
────────────────────────────────────────────────────────────
  FlowUp — Data Pipeline  [Russian]
────────────────────────────────────────────────────────────

[1/5] Fetching lyrics from LRCLIB …
  [LRCLIB] Searching 'Бошетунмай' by 'Кино' …
  [LRCLIB] Found (id=3821295, title=Бошетунмай)
       Parsed 26 lyric lines.

[2/5] Translating via DeepL …
  [DeepL] No API key – trying Argos offline fallback.
  [Argos] Translating 26 lines (ru -> en) using local model.

[3/5] Loading Russian NLP backend …
       pymorphy3 (ru) ready.
       ruaccent ready.
[Dictionary] Loaded 87,706 words from local cache.
  [OpenRussian] Dictionary loaded.

[4/5] Processing lines …
    1/26: Тот, кто в пятнадцать лет убежал из дома
    2/26: Вряд ли поймёт того, кто учился в спецшколе
    3/26: Тот, у кого есть хороший жизненный план
    4/26: Вряд ли будет думать о чём-то другом
    5/26: Мы пьём чай в старых квартирах
    6/26: Ждём лета в старых квартирах
    7/26: В старых квартирах, где есть свет
    8/26: Газ, телефон, горячая вода
    9/26: Радиоточка, пол паркет
   10/26: Санузел раздельный, дом кирпичный
   11/26: Одна семья, две семьи, три семьи
   12/26: Много подсобных помещений
   13/26: Первый и последний не предлагать
   14/26: Рядом с метро, центр
   15/26: Все говорят, что мы (в)месте
   16/26: Все говорят, но немногие знают, в каком
   17/26: А из наших труб идёт необычный дым
   18/26: Стой! Опасная зона! Работа мозга
   19/26: Мм, Бошетунмай
   20/26: Мм, Бошетунмай
   21/26: Мм, Бошетунмай
   22/26: Мм, Бошетунмай
   23/26: Мм,Бошетунмай
   24/26: Мм, Бошетунмай
   25/26: Мм, Бошетунмай
   26/26: Мм, Бошетунмай

[5/5] Writing song_data.json …
       Written to /Users/seckintokcan/Documents/The Foundry/Active/Flowup/pipeline/song_data.json

[6/5] Deleting old song id=177 …
  [Backend] Delete error: HTTPSConnectionPool(host='singoling.com', port=443): Max retries exceeded with url: /api/songs/177 (Caused by ConnectTimeoutError(<HTTPSConnection(host='singoling.com', port=443) at 0x305d4d1d0>, 'Connection to singoling.com timed out. (connect timeout=10)'))

[6/5] Pushing to backend: https://singoling.com/api/songs …
  [Backend] Song stored (id=195).
  [Backend] Assigning song 195 to playlist 5 …
  [Backend] Song added to playlist 5.

✓  Done — 26 lines.
────────────────────────────────────────────────────────────
  ✓ Replaced song id=177.
[4/8] Алиса — Небо славян  (id=175)
  [LRCLIB] Searching 'Небо славян' by 'Алиса' …
  [LRCLIB] Found (id=10091815, title=Небо славян)
  ✓ Synced lyrics found on LRCLIB!
  → Re-running generate_song_data.py for song id=175 …
  [Info] Auto-generated URI: local:-
────────────────────────────────────────────────────────────
  FlowUp — Data Pipeline  [Russian]
────────────────────────────────────────────────────────────

[1/5] Fetching lyrics from LRCLIB …
  [LRCLIB] Searching 'Небо славян' by 'Алиса' …
  [LRCLIB] Found (id=10091815, title=Небо славян)
       Parsed 36 lyric lines.

[2/5] Translating via DeepL …
  [DeepL] No API key – trying Argos offline fallback.
  [Argos] Translating 36 lines (ru -> en) using local model.

[3/5] Loading Russian NLP backend …
       pymorphy3 (ru) ready.
       ruaccent ready.
[Dictionary] Loaded 87,706 words from local cache.
  [OpenRussian] Dictionary loaded.

[4/5] Processing lines …
    1/36: Звездопад дорог от зарниц
    2/36: Грозы седлают коней
    3/36: Но над землей тихо льется покой монастырей
    4/36: А поверх седых облаков
    5/36: Синь, соколиная высь
    6/36: Здесь, под покровом небес мы родились
    7/36: След оленя лижет мороз
    8/36: Гонит добычу весь день
    9/36: Но стужу держит в узде дым деревень
   10/36: Намела сугробов пурга
   11/36: Дочь белозубой зимы
   12/36: Здесь, в окаеме снегов выросли мы
   13/36: Нас точит семя орды
   14/36: Нас гнет ярмо басурман
   15/36: Но в наших венах кипит небо славян
   16/36: И от Чудских берегов
   17/36: До ледяной Колымы
   18/36: Всё это наша земля, всё это мы
   19/36: А за бугром куют топоры
   20/36: Буйные головы сечь
   21/36: Но инородцам кольчугой звенит русская речь
   22/36: И от перелеска до звезд
   23/36: Высится белая рать
   24/36: Здесь, на родной стороне, нам помирать
   25/36: Нас точит семя орды
   26/36: Нас гнет ярмо басурман
   27/36: Но в наших венах кипит небо славян
   28/36: И от Чудских берегов
   29/36: До ледяной Колымы
   30/36: Всё это наша земля, всё это мы
   31/36: Нас точит семя орды
   32/36: Нас гнет ярмо басурман
   33/36: Но в наших венах кипит небо славян
   34/36: И от Чудских берегов
   35/36: До ледяной Колымы
   36/36: Всё это наша земля, всё это мы

[5/5] Writing song_data.json …
       Written to /Users/seckintokcan/Documents/The Foundry/Active/Flowup/pipeline/song_data.json

[6/5] Deleting old song id=175 …
  [Backend] Deleted song 175.

[6/5] Pushing to backend: https://singoling.com/api/songs …
  [Backend] Song stored (id=196).
  [Backend] Assigning song 196 to playlist 5 …
  [Backend] Song added to playlist 5.

✓  Done — 36 lines.
────────────────────────────────────────────────────────────
  ✓ Replaced song id=175.
[5/8] Наутилус Помпилиус — Гудбай Америка  (id=174)
  [LRCLIB] Searching 'Гудбай Америка' by 'Наутилус Помпилиус' …
  [LRCLIB] Found (id=11729200, title=Последнее письмо (Гудбай Америка))
  ✓ Synced lyrics found on LRCLIB!
  → Re-running generate_song_data.py for song id=174 …
  [Info] Auto-generated URI: local:-
────────────────────────────────────────────────────────────
  FlowUp — Data Pipeline  [Russian]
────────────────────────────────────────────────────────────

[1/5] Fetching lyrics from LRCLIB …
  [LRCLIB] Searching 'Гудбай Америка' by 'Наутилус Помпилиус' …
  [LRCLIB] Found (id=11729200, title=Последнее письмо (Гудбай Америка))
       Parsed 20 lyric lines.

[2/5] Translating via DeepL …
  [DeepL] No API key – trying Argos offline fallback.
  [Argos] Translating 20 lines (ru -> en) using local model.

[3/5] Loading Russian NLP backend …
       pymorphy3 (ru) ready.
       ruaccent ready.
[Dictionary] Loaded 87,706 words from local cache.
  [OpenRussian] Dictionary loaded.

[4/5] Processing lines …
    1/20: Когда умолкнут все песни
    2/20: Которых я не знаю
    3/20: В терпком воздухе крикнет
    4/20: Последний мой бумажный пароход
    5/20: Гудбай Америка, о
    6/20: Где я не был никогда
    7/20: Прощай навсегда
    8/20: Возьми банджо, сыграй мне на прощанье
    9/20: Ла-ла-ла-лай-ла-ла-ла-лай-ла, Ла-ла-ла-лай-ла-ла-ла-лай
   10/20: Ла-ла-ла-лай-ла-ла-ла-лай-ла, Ла-ла-ла-лай-ла-ла-ла-лай
   11/20: Мне стали слишком малы
   12/20: Твои тертые джинсы
   13/20: Нас так долго учили
   14/20: Любить твои запретные плоды
   15/20: Гудбай Америка, о
   16/20: Где я не буду никогда
   17/20: Услышу ли песню
   18/20: Которую запомню навсегда
   19/20: Ла-ла-ла-лай-ла-ла-ла-лай-ла, Ла-ла-ла-лай-ла-ла-ла-лай
   20/20: Ла-ла-ла-лай-ла-ла-ла-лай-ла, Ла-ла-ла-лай-ла-ла-ла-лай

[5/5] Writing song_data.json …
       Written to /Users/seckintokcan/Documents/The Foundry/Active/Flowup/pipeline/song_data.json

[6/5] Deleting old song id=174 …
  [Backend] Deleted song 174.

[6/5] Pushing to backend: https://singoling.com/api/songs …
  [Backend] Song stored (id=197).
  [Backend] Assigning song 197 to playlist 5 …
  [Backend] Song added to playlist 5.

✓  Done — 20 lines.
────────────────────────────────────────────────────────────
  ✓ Replaced song id=174.
[6/8] Янка Дягилева — От большого ума  (id=171)
  [LRCLIB] Searching 'От большого ума' by 'Янка Дягилева' …
  [LRCLIB] Found (id=23292214, title=От большого ума)
  ✓ Synced lyrics found on LRCLIB!
  → Re-running generate_song_data.py for song id=171 …
  [Info] Auto-generated URI: local:-
────────────────────────────────────────────────────────────
  FlowUp — Data Pipeline  [Russian]
────────────────────────────────────────────────────────────

[1/5] Fetching lyrics from LRCLIB …
  [LRCLIB] Searching 'От большого ума' by 'Янка Дягилева' …
  [LRCLIB] Found (id=23292214, title=От большого ума)
       Parsed 18 lyric lines.

[2/5] Translating via DeepL …
  [DeepL] No API key – trying Argos offline fallback.
  [Argos] Translating 18 lines (ru -> en) using local model.

[3/5] Loading Russian NLP backend …
       pymorphy3 (ru) ready.
       ruaccent ready.
[Dictionary] Loaded 87,706 words from local cache.
  [OpenRussian] Dictionary loaded.

[4/5] Processing lines …
    1/18: От большого ума лишь сума да тюрьма
    2/18: От лихой головы лишь канавы и рвы
    3/18: От красивой души только дыри и вши
    4/18: От вселенской любви наши морды в крови
    5/18: В простыне на ветру по росе поутру
    6/18: От бесплодных идей до бесплотных гостей
    7/18: От закрытых дверей до зарытых зверей
    8/18: От накрытых столов до пробитых голов
    9/18: Параллельно пути чёрный спутник летит
   10/18: Он утешит-спасёт, он нам покой принесет
   11/18: Под шершавым крылом ночь за круглым столом
   12/18: Красно-белый плакат — эх, заводи самокат!
   13/18: Собирайся, народ, на общественный сход
   14/18: На всемирный совет, как обставить нам наш бред, бред, б
   15/18: Вклинить волю свою в идиотском краю
   16/18: Посидеть-помолчать, да по столу постучать
   17/18: Ведь от большого ума лишь сума да тюрьма
   18/18: От лихой головы лишь канавы и рвы

[5/5] Writing song_data.json …
       Written to /Users/seckintokcan/Documents/The Foundry/Active/Flowup/pipeline/song_data.json

[6/5] Deleting old song id=171 …
  [Backend] Deleted song 171.

[6/5] Pushing to backend: https://singoling.com/api/songs …
  [Backend] Song stored (id=198).
  [Backend] Assigning song 198 to playlist 5 …
  [Backend] Song added to playlist 5.

✓  Done — 18 lines.
────────────────────────────────────────────────────────────
  ✓ Replaced song id=171.
[7/8] Noize MC — Выдыхай  (id=165)
  [LRCLIB] Searching 'Выдыхай' by 'Noize MC' …
  [LRCLIB] Found (id=2751268, title=Выдыхай)
  ✓ Synced lyrics found on LRCLIB!
  → Re-running generate_song_data.py for song id=165 …
  [Info] Auto-generated URI: local:noize-mc-
────────────────────────────────────────────────────────────
  FlowUp — Data Pipeline  [Russian]
────────────────────────────────────────────────────────────

[1/5] Fetching lyrics from LRCLIB …
  [LRCLIB] Searching 'Выдыхай' by 'Noize MC' …
  [LRCLIB] Found (id=2751268, title=Выдыхай)
       Parsed 48 lyric lines.

[2/5] Translating via DeepL …
  [DeepL] No API key – trying Argos offline fallback.
  [Argos] Translating 48 lines (ru -> en) using local model.

[3/5] Loading Russian NLP backend …
       pymorphy3 (ru) ready.
       ruaccent ready.
[Dictionary] Loaded 87,706 words from local cache.
  [OpenRussian] Dictionary loaded.

[4/5] Processing lines …
    1/48: Затянись мною в последний раз
    2/48: Ткни меня мордой в стекло
    3/48: Дави меня, туши мою страсть
    4/48: Буду дымить назло
    5/48: Боль на фильтре грязным бурым пятном
    6/48: Все, что мне от тебя останется
    7/48: Урна - мой будущий дом
    8/48: И врядли мне там понравится
    9/48: Серым пеплом осыпятся вниз
   10/48: Те мечты, что не сбудутся никогда
   11/48: Меня врядли раскурят на бис
   12/48: Шанс если и есть, то один из ста
   13/48: Тебе травиться никотином моим
   14/48: Тебе кашлять моими смолами
   15/48: Выдыхай скорей мой последний дым
   16/48: И закрывай окно, а то холодно
   17/48: Выдыхай скорей
   18/48: Мою душу наружу ей тесно
   19/48: В твоих легких так мало места
   20/48: Выдыхай скорей
   21/48: Мою душу наружу ей тесно
   22/48: В твоих легких так мало места
   23/48: Но если честно
   24/48: Во всем виноват я сам
   25/48: Наша лестница в небо оказалась расшатаной стремянкой
   26/48: Годной лишь на то, чтобы достать с антрисолей банку
   27/48: Но я готов был и по ней карабкаться к облакам
   28/48: Назло запретам и закрытым изнутри замкам
   29/48: Порой казалось - цель близка, скоро доползу
   30/48: Я с собой тебя звал, но ты оставалась внизу
   31/48: Поднимала глаза, просила вернуться назад
   32/48: А я не слезал, все твердил тебе про небеса
   33/48: Думал, что сам могу решать за двоих людей
   34/48: Думал, что нам станет лучше от моих идей
   35/48: И цепляясь за надежду как за одежду репей
   36/48: Становился дальше от тебя еще на ступень
   37/48: Но лестница в небо оказалась расшатаной стремянкой
   38/48: Годной лишь на то, чтоб достать с антрисолей банку
   39/48: Возьму под мышку, отнесу в кладовку - пусть пылится
   40/48: Прости за все и, ради бога, перестань мне сниться
   41/48: Выдыхай скорей
   42/48: Мою душу наружу ей тесно
   43/48: В твоих легких так мало места
   44/48: Выдыхай скорей
   45/48: Мою душу наружу ей тесно
   46/48: В твоих легких так мало места
   47/48: Но если честно
   48/48: Во всем виноват я сам

[5/5] Writing song_data.json …
       Written to /Users/seckintokcan/Documents/The Foundry/Active/Flowup/pipeline/song_data.json

[6/5] Deleting old song id=165 …
  [Backend] Deleted song 165.

[6/5] Pushing to backend: https://singoling.com/api/songs …
  [Backend] Song stored (id=199).
  [Backend] Assigning song 199 to playlist 5 …
  [Backend] Song added to playlist 5.

✓  Done — 48 lines.
────────────────────────────────────────────────────────────
  ✓ Replaced song id=165.
[8/8] Окcимирон — Признаки жизни  (id=162)
  [LRCLIB] Searching 'Признаки жизни' by 'Окcимирон' …
  [LRCLIB] Found (id=9949134, title=Признаки Жизни)
  ✓ Synced lyrics found on LRCLIB!
  → Re-running generate_song_data.py for song id=162 …
  [Info] Auto-generated URI: local:c-
────────────────────────────────────────────────────────────
  FlowUp — Data Pipeline  [Russian]
────────────────────────────────────────────────────────────

[1/5] Fetching lyrics from LRCLIB …
  [LRCLIB] Searching 'Признаки жизни' by 'Окcимирон' …
  [LRCLIB] Found (id=9949134, title=Признаки Жизни)
       Parsed 78 lyric lines.

[2/5] Translating via DeepL …
  [DeepL] No API key – trying Argos offline fallback.
  [Argos] Translating 78 lines (ru -> en) using local model.

[3/5] Loading Russian NLP backend …
       pymorphy3 (ru) ready.
       ruaccent ready.
[Dictionary] Loaded 87,706 words from local cache.
  [OpenRussian] Dictionary loaded.

[4/5] Processing lines …
    1/78: Из Муми-долов, Хоббитонов и слонопотамов,
    2/78: Из кладовок, антресолей и полуподвалов,
    3/78: Из переходов, что познали баллоны вандалов,
    4/78: Офисных окон, где я пробыл рабом феодалов,
    5/78: Я что-то тихо вынес ночами, заныкал.
    6/78: И пока начальник мне не скажет: "С вещами на выход" —
    7/78: Ты как всегда опечалишь барыгу,
    8/78: Взяв то, что толкает англичанин с очами навыкат.
    9/78: Мне подождать и поднажать или уйти,
   10/78: Чтоб это дальше продолжали подражатели?
   11/78: Несу хуйню и они безропотно вторят,
   12/78: Но в итоге, кто учёный, а кто подопытный кролик?
   13/78: Мне нужен врач, лучше на дом и немедленно —
   14/78: Ватсон, Фрейд, Курпатов, Пеппер.
   15/78: Горизонт заволокло и где-то хлопнуло окно.
   16/78: Похуй кто, но дай мне свет: бог или оптоволокно.
   17/78: Мне не передать,
   18/78: Что в моей черепной коробке телепередач.
   19/78: Я вернулся, держись, мир,
   20/78: Вы заказали мою голову — я подаю вам признаки жизни.
   21/78: Мне не передать,
   22/78: Что в моей черепной коробке телепередач.
   23/78: Я вернулся, держись, мир,
   24/78: Вы заказали мою голову — я подаю вам признаки жизни.
   25/78: Я много лет не выпускал стафф,
   26/78: Ждал, пока он станет жирным, как Фальстаф.
   27/78: Видать, ты думал, что пора, что ты five star -
   28/78: Ты поспешил, насмешил, это фальстарт.
   29/78: Я проповедовал щеглам как Франциск Ассизский,
   30/78: Видел Смерть, она сказала: "Распишись на сиськах".
   31/78: Мы разной породы, вы — безопасной дорогой,
   32/78: А я — то желтою кирпичной, то красной ковровой.
   33/78: Судишь меня? Удостоверься, не мажор ли ты.
   34/78: Я был голодным МС, съел других и стал прожорливым.
   35/78: Ты пугал и свой понос исподтишка толкал,
   36/78: Ну а пока у тебя даже толстая кишка тонка.
   37/78: У твоей мамы сестра, что мокра, как водоём,
   38/78: Её дыра настолько мала, что я наноёб.
   39/78: Мне пишут МС: "Нихуя себе, брат, как классно!"
   40/78: И вам спасибо, биомасса и протоплазма.
   41/78: Мне не передать,
   42/78: Что в моей черепной коробке телепередач.
   43/78: Я вернулся, держись, мир,
   44/78: Вы заказали мою голову — я подаю вам признаки жизни.
   45/78: Мне не передать,
   46/78: Что в моей черепной коробке телепередач.
   47/78: Я вернулся, держись, мир,
   48/78: Вы заказали мою голову — я подаю вам признаки жизни.
   49/78: Если ночью все кошки серы,
   50/78: Что же это за чёрный кот, что ведёт со мной каждую ночь
   51/78: Диалоги о чём угодно, про "Закат Европы" и ложь системы
   52/78: Если б это был чёрт, его бы выдавало зловоние, точно из
   53/78: Но ничего подобного. Он глядит за окошко в темень,
   54/78: Дождь со снегом ебошат с неба. Мы все в отрыве от почвы
   55/78: А на ней будто тощий стебель, и в том числе ты.
   56/78: Одиноки в ячейках и сотах, как мощи в склепах.
   57/78: Всё равно вешать нос сейчас нехуй, против всех, и (бряя
   58/78: Круговая порука. Тот, кто деньги скопил, завещает их вн
   59/78: Но мои сбережения равны совокупности мной издаваемых зв
   60/78: Ставлю вас в угол, коль ты СуперМС, я — Лекс Лютор.
   61/78: На концертах лес рук, но я по-прежнему тут на ветру, ка
   62/78: Сколько лет я был где-то в подземке,
   63/78: Сколько зим проебал, сколько сил потратил:
   64/78: Демо-тейпы, онлайн-баттлы, горе-лейблы. Хватит!
   65/78: И хоть мы из пробирки, но мы не готовы жить на галерке,
   66/78: В давке, как на Ходынке. Я джинн из бутылки или чёртик 
   67/78: Я один с лампой. От Red Bull'а зрачки — манга.
   68/78: Депривация сна и неебаться устал, под глазами круги — п
   69/78: Всё, что есть в этой ёбаной песне, я для вас оторвал от
   70/78: И я бы вышел из этой игры, но я боюсь повредить ей глан
   71/78: Мне не передать,
   72/78: Что в моей черепной коробке телепередач.
   73/78: Я вернулся, держись, мир,
   74/78: Вы заказали мою голову — я подаю вам признаки жизни.
   75/78: Мне не передать,
   76/78: Что в моей черепной коробке телепередач.
   77/78: Я вернулся, держись, мир,
   78/78: Вы заказали мою голову — я подаю вам признаки жизни.

[5/5] Writing song_data.json …
       Written to /Users/seckintokcan/Documents/The Foundry/Active/Flowup/pipeline/song_data.json

[6/5] Deleting old song id=162 …
  [Backend] Deleted song 162.

[6/5] Pushing to backend: https://singoling.com/api/songs …
  [Backend] Song stored (id=200).
  [Backend] Assigning song 200 to playlist 5 …
  [Backend] Song added to playlist 5.

✓  Done — 78 lines.
────────────────────────────────────────────────────────────
  ✓ Replaced song id=162.

── Summary ────────────────────────────────────────
  Replaced / updated : 8
  No synced found    : 0
